<?xml version="1.0" encoding="UTF-8"?>
<!-- Generated by org.testng.reporters.JUnitReportReporter -->
<testsuite hostname="user-PC" name="chinna_demo.chinna.AppTest" tests="1" failures="0" timestamp="15 Aug 2017 19:45:27 GMT" time="19.758" errors="0">
  <testcase name="main" time="19.758" classname="chinna_demo.chinna.AppTest"/>
</testsuite> <!-- chinna_demo.chinna.AppTest -->
