<?xml version="1.0" encoding="UTF-8"?>
<!-- Generated by org.testng.reporters.JUnitReportReporter -->
<testsuite hostname="user-PC" name="chinna_demo.chinna.AppTest" tests="1" failures="0" timestamp="27 Sep 2017 16:01:02 GMT" time="18.803" errors="0">
  <testcase name="main" time="18.803" classname="chinna_demo.chinna.AppTest"/>
</testsuite> <!-- chinna_demo.chinna.AppTest -->
