<?xml version="1.0" encoding="UTF-8"?>
<!-- Generated by org.testng.reporters.JUnitReportReporter -->
<testsuite hostname="user-PC" name="chinna_demo.chinna.AppTest" tests="1" failures="0" timestamp="29 Jul 2017 06:21:37 GMT" time="26.830" errors="0">
  <testcase name="main" time="26.830" classname="chinna_demo.chinna.AppTest"/>
</testsuite> <!-- chinna_demo.chinna.AppTest -->
